<?xml version="1.0" encoding="UTF-8"?>
<!-- Generated by org.testng.reporters.JUnitReportReporter -->
<testsuite skipped="0" hostname="DESKTOP-16O7D5M" name="package1.SchoolTest" tests="1" failures="0" timestamp="2022-08-29T12:56:35 IST" time="0.012" errors="0">
  <testcase name="sch" time="0.012" classname="package1.SchoolTest"/>
  <system-out/>
</testsuite> <!-- package1.SchoolTest -->
